c:\users\klauo\documents\programing\entry 132\entry 132\debug\entry 132.pch
c:\users\klauo\documents\programing\entry 132\entry 132\debug\vc142.pdb
c:\users\klauo\documents\programing\entry 132\entry 132\debug\vc142.idb
c:\users\klauo\documents\programing\entry 132\entry 132\debug\pch.obj
c:\users\klauo\documents\programing\entry 132\entry 132\debug\tilemap.obj
c:\users\klauo\documents\programing\entry 132\entry 132\debug\tile.obj
c:\users\klauo\documents\programing\entry 132\entry 132\debug\states.obj
c:\users\klauo\documents\programing\entry 132\entry 132\debug\settingsstate.obj
c:\users\klauo\documents\programing\entry 132\entry 132\debug\player.obj
c:\users\klauo\documents\programing\entry 132\entry 132\debug\pausedmenu.obj
c:\users\klauo\documents\programing\entry 132\entry 132\debug\movementcomponent.obj
c:\users\klauo\documents\programing\entry 132\entry 132\debug\mainmenustate.obj
c:\users\klauo\documents\programing\entry 132\entry 132\debug\hitboxcomponent.obj
c:\users\klauo\documents\programing\entry 132\entry 132\debug\graphicssettings.obj
c:\users\klauo\documents\programing\entry 132\entry 132\debug\gamestate.obj
c:\users\klauo\documents\programing\entry 132\entry 132\debug\game.obj
c:\users\klauo\documents\programing\entry 132\entry 132\debug\fightstate.obj
c:\users\klauo\documents\programing\entry 132\entry 132\debug\entry 132.obj
c:\users\klauo\documents\programing\entry 132\entry 132\debug\entity.obj
c:\users\klauo\documents\programing\entry 132\entry 132\debug\enemy.obj
c:\users\klauo\documents\programing\entry 132\entry 132\debug\editorstate.obj
c:\users\klauo\documents\programing\entry 132\entry 132\debug\button.obj
c:\users\klauo\documents\programing\entry 132\entry 132\debug\bar.obj
c:\users\klauo\documents\programing\entry 132\entry 132\debug\animationcomponent.obj
c:\users\klauo\documents\programing\entry 132\entry 132\debug\playerstats.obj
c:\users\klauo\documents\programing\entry 132\entry 132\debug\textureselector.obj
c:\users\klauo\documents\programing\entry 132\debug\entry 132.exe
c:\users\klauo\documents\programing\entry 132\debug\entry 132.ilk
c:\users\klauo\documents\programing\entry 132\debug\entry 132.pdb
c:\users\klauo\documents\programing\entry 132\entry 132\debug\nativecodeanalysis.read.1.tlog
c:\users\klauo\documents\programing\entry 132\entry 132\debug\animationcomponent.nativecodeanalysis.xml
c:\users\klauo\documents\programing\entry 132\entry 132\debug\bar.nativecodeanalysis.xml
c:\users\klauo\documents\programing\entry 132\entry 132\debug\button.nativecodeanalysis.xml
c:\users\klauo\documents\programing\entry 132\entry 132\debug\editorstate.nativecodeanalysis.xml
c:\users\klauo\documents\programing\entry 132\entry 132\debug\enemy.nativecodeanalysis.xml
c:\users\klauo\documents\programing\entry 132\entry 132\debug\entity.nativecodeanalysis.xml
c:\users\klauo\documents\programing\entry 132\entry 132\debug\entry 132.nativecodeanalysis.xml
c:\users\klauo\documents\programing\entry 132\entry 132\debug\fightstate.nativecodeanalysis.xml
c:\users\klauo\documents\programing\entry 132\entry 132\debug\game.nativecodeanalysis.xml
c:\users\klauo\documents\programing\entry 132\entry 132\debug\gamestate.nativecodeanalysis.xml
c:\users\klauo\documents\programing\entry 132\entry 132\debug\graphicssettings.nativecodeanalysis.xml
c:\users\klauo\documents\programing\entry 132\entry 132\debug\hitboxcomponent.nativecodeanalysis.xml
c:\users\klauo\documents\programing\entry 132\entry 132\debug\mainmenustate.nativecodeanalysis.xml
c:\users\klauo\documents\programing\entry 132\entry 132\debug\movementcomponent.nativecodeanalysis.xml
c:\users\klauo\documents\programing\entry 132\entry 132\debug\pausedmenu.nativecodeanalysis.xml
c:\users\klauo\documents\programing\entry 132\entry 132\debug\pch.nativecodeanalysis.xml
c:\users\klauo\documents\programing\entry 132\entry 132\debug\player.nativecodeanalysis.xml
c:\users\klauo\documents\programing\entry 132\entry 132\debug\settingsstate.nativecodeanalysis.xml
c:\users\klauo\documents\programing\entry 132\entry 132\debug\states.nativecodeanalysis.xml
c:\users\klauo\documents\programing\entry 132\entry 132\debug\tile.nativecodeanalysis.xml
c:\users\klauo\documents\programing\entry 132\entry 132\debug\tilemap.nativecodeanalysis.xml
c:\users\klauo\documents\programing\entry 132\entry 132\debug\vc.nativecodeanalysis.all.xml
c:\users\klauo\documents\programing\entry 132\debug\entry 132.exe.lastcodeanalysissucceeded
c:\users\klauo\documents\programing\entry 132\entry 132\debug\entry 132.tlog\cl.command.1.tlog
c:\users\klauo\documents\programing\entry 132\entry 132\debug\entry 132.tlog\cl.read.1.tlog
c:\users\klauo\documents\programing\entry 132\entry 132\debug\entry 132.tlog\cl.write.1.tlog
c:\users\klauo\documents\programing\entry 132\entry 132\debug\entry 132.tlog\link.command.1.tlog
c:\users\klauo\documents\programing\entry 132\entry 132\debug\entry 132.tlog\link.read.1.tlog
c:\users\klauo\documents\programing\entry 132\entry 132\debug\entry 132.tlog\link.write.1.tlog
